{
  "numFailedTestSuites": 0,
  "numFailedTests": 0,
  "numPassedTestSuites": 3,
  "numPassedTests": 30,
  "numPendingTestSuites": 0,
  "numPendingTests": 0,
  "numRuntimeErrorTestSuites": 0,
  "numTotalTestSuites": 3,
  "numTotalTests": 30,
  "snapshot": {
    "added": 0,
    "didUpdate": false,
    "failure": false,
    "filesAdded": 0,
    "filesRemoved": 0,
    "filesUnmatched": 0,
    "filesUpdated": 0,
    "matched": 0,
    "total": 0,
    "unchecked": 0,
    "unmatched": 0,
    "updated": 0
  },
  "startTime": 1500176391549,
  "success": true,
  "testResults": [
    {
      "assertionResults": [
        {
          "failureMessages": [],
          "status": "passed",
          "title": "contains spec with an positive expectation"
        },
        {
          "failureMessages": [],
          "status": "passed",
          "title": "contains spec with a negative expectation"
        },
        {
          "failureMessages": [],
          "status": "passed",
          "title": "should be able to manufacture a Model class for a given definition"
        },
        {
          "failureMessages": [],
          "status": "passed",
          "title": "should be able to make instances of the Model using correct defaults"
        },
        {
          "failureMessages": [],
          "status": "passed",
          "title": "should be able to make instances of the Model with all values"
        },
        {
          "failureMessages": [],
          "status": "passed",
          "title": "should be able to make instances of the Model with binding contamination"
        },
        {
          "failureMessages": [],
          "status": "passed",
          "title": "should be able to manufacture a Collection class for a given Model."
        },
        {
          "failureMessages": [],
          "status": "passed",
          "title": "should be able to make instances of the Collection without model data."
        },
        {
          "failureMessages": [],
          "status": "passed",
          "title": "should be able to make instances of the Collection with initial model data."
        },
        {
          "failureMessages": [],
          "status": "passed",
          "title": "should be able to make instances of the Model with all values."
        },
        {
          "failureMessages": [],
          "status": "passed",
          "title": "should be able to make instances of the Model with binding contamination"
        }
      ],
      "endTime": 1500176392450,
      "message": "",
      "name": "/Users/kasargeant/dev/projects/unseen/test/js/UnseenBase.test.js",
      "startTime": 1500176392097,
      "status": "passed",
      "summary": ""
    },
    {
      "assertionResults": [
        {
          "failureMessages": [],
          "status": "passed",
          "title": "contains spec with an positive expectation"
        },
        {
          "failureMessages": [],
          "status": "passed",
          "title": "contains spec with a negative expectation"
        },
        {
          "failureMessages": [],
          "status": "passed",
          "title": "should be able to manufacture a Model class for a given definition"
        },
        {
          "failureMessages": [],
          "status": "passed",
          "title": "should be able to make instances of the Model using correct defaults"
        },
        {
          "failureMessages": [],
          "status": "passed",
          "title": "should be able to make instances of the Model with all values"
        },
        {
          "failureMessages": [],
          "status": "passed",
          "title": "should be able to make instances of the Model with binding contamination"
        },
        {
          "failureMessages": [],
          "status": "passed",
          "title": "should be able to manufacture a Collection class for a given Model."
        },
        {
          "failureMessages": [],
          "status": "passed",
          "title": "should be able to make instances of the Collection without model data."
        },
        {
          "failureMessages": [],
          "status": "passed",
          "title": "should be able to make instances of the Collection with initial model data."
        },
        {
          "failureMessages": [],
          "status": "passed",
          "title": "should be able to make instances of the Model with all values."
        },
        {
          "failureMessages": [],
          "status": "passed",
          "title": "should be able to make instances of the Model with binding contamination"
        }
      ],
      "endTime": 1500176392518,
      "message": "",
      "name": "/Users/kasargeant/dev/projects/unseen/test/js/Unseen.test.js",
      "startTime": 1500176392458,
      "status": "passed",
      "summary": ""
    },
    {
      "assertionResults": [
        {
          "failureMessages": [],
          "status": "passed",
          "title": "contains spec with an positive expectation"
        },
        {
          "failureMessages": [],
          "status": "passed",
          "title": "contains spec with a negative expectation"
        },
        {
          "failureMessages": [],
          "status": "passed",
          "title": "should be able to manufacture a Model class for a given definition"
        },
        {
          "failureMessages": [],
          "status": "passed",
          "title": "should be able to make instances of the Model using correct defaults"
        },
        {
          "failureMessages": [],
          "status": "passed",
          "title": "should be able to make instances of the Model with all values"
        },
        {
          "failureMessages": [],
          "status": "passed",
          "title": "should be able to make instances of the Model with binding contamination"
        },
        {
          "failureMessages": [],
          "status": "passed",
          "title": "should be able to manufacture a Collection class for a given Model."
        },
        {
          "failureMessages": [],
          "status": "passed",
          "title": "should be able to make instances of the Collection without model data."
        }
      ],
      "endTime": 1500176392562,
      "message": "",
      "name": "/Users/kasargeant/dev/projects/unseen/test/js/UnseenFactory.test.js",
      "startTime": 1500176392523,
      "status": "passed",
      "summary": ""
    }
  ],
  "wasInterrupted": false,
  "coverageMap": {
    "/Users/kasargeant/dev/projects/unseen/src/index.js": {
      "path": "/Users/kasargeant/dev/projects/unseen/src/index.js",
      "statementMap": {
        "0": {
          "start": {
            "line": 8,
            "column": 18
          },
          "end": {
            "line": 8,
            "column": 50
          }
        },
        "1": {
          "start": {
            "line": 9,
            "column": 28
          },
          "end": {
            "line": 9,
            "column": 70
          }
        },
        "2": {
          "start": {
            "line": 10,
            "column": 17
          },
          "end": {
            "line": 10,
            "column": 48
          }
        },
        "3": {
          "start": {
            "line": 11,
            "column": 27
          },
          "end": {
            "line": 11,
            "column": 68
          }
        },
        "4": {
          "start": {
            "line": 12,
            "column": 14
          },
          "end": {
            "line": 12,
            "column": 42
          }
        },
        "5": {
          "start": {
            "line": 13,
            "column": 24
          },
          "end": {
            "line": 13,
            "column": 62
          }
        },
        "6": {
          "start": {
            "line": 14,
            "column": 13
          },
          "end": {
            "line": 14,
            "column": 40
          }
        },
        "7": {
          "start": {
            "line": 15,
            "column": 23
          },
          "end": {
            "line": 15,
            "column": 60
          }
        },
        "8": {
          "start": {
            "line": 18,
            "column": 0
          },
          "end": {
            "line": 27,
            "column": 2
          }
        }
      },
      "fnMap": {},
      "branchMap": {},
      "s": {
        "0": 2,
        "1": 2,
        "2": 2,
        "3": 2,
        "4": 2,
        "5": 2,
        "6": 2,
        "7": 2,
        "8": 2
      },
      "f": {},
      "b": {},
      "_coverageSchema": "332fd63041d2c1bcb487cc26dd0d5f7d97098a6c",
      "hash": "5e54a2714c3718e38e0e276b2b638fc1aba45dfb"
    },
    "/Users/kasargeant/dev/projects/unseen/src/js/unseen/BaseModel.js": {
      "path": "/Users/kasargeant/dev/projects/unseen/src/js/unseen/BaseModel.js",
      "statementMap": {
        "0": {
          "start": {
            "line": 19,
            "column": 18
          },
          "end": {
            "line": 48,
            "column": 1
          }
        },
        "1": {
          "start": {
            "line": 22,
            "column": 4
          },
          "end": {
            "line": 22,
            "column": 28
          }
        },
        "2": {
          "start": {
            "line": 23,
            "column": 4
          },
          "end": {
            "line": 23,
            "column": 26
          }
        },
        "3": {
          "start": {
            "line": 26,
            "column": 4
          },
          "end": {
            "line": 26,
            "column": 21
          }
        },
        "4": {
          "start": {
            "line": 27,
            "column": 4
          },
          "end": {
            "line": 27,
            "column": 22
          }
        },
        "5": {
          "start": {
            "line": 30,
            "column": 4
          },
          "end": {
            "line": 30,
            "column": 40
          }
        },
        "6": {
          "start": {
            "line": 31,
            "column": 4
          },
          "end": {
            "line": 31,
            "column": 22
          }
        },
        "7": {
          "start": {
            "line": 33,
            "column": 4
          },
          "end": {
            "line": 46,
            "column": 5
          }
        },
        "8": {
          "start": {
            "line": 35,
            "column": 8
          },
          "end": {
            "line": 43,
            "column": 11
          }
        },
        "9": {
          "start": {
            "line": 37,
            "column": 16
          },
          "end": {
            "line": 37,
            "column": 41
          }
        },
        "10": {
          "start": {
            "line": 40,
            "column": 16
          },
          "end": {
            "line": 40,
            "column": 42
          }
        },
        "11": {
          "start": {
            "line": 41,
            "column": 16
          },
          "end": {
            "line": 41,
            "column": 37
          }
        },
        "12": {
          "start": {
            "line": 45,
            "column": 8
          },
          "end": {
            "line": 45,
            "column": 58
          }
        },
        "13": {
          "start": {
            "line": 47,
            "column": 4
          },
          "end": {
            "line": 47,
            "column": 20
          }
        },
        "14": {
          "start": {
            "line": 57,
            "column": 0
          },
          "end": {
            "line": 57,
            "column": 47
          }
        },
        "15": {
          "start": {
            "line": 62,
            "column": 0
          },
          "end": {
            "line": 62,
            "column": 45
          }
        },
        "16": {
          "start": {
            "line": 64,
            "column": 0
          },
          "end": {
            "line": 69,
            "column": 2
          }
        },
        "17": {
          "start": {
            "line": 65,
            "column": 4
          },
          "end": {
            "line": 68,
            "column": 5
          }
        },
        "18": {
          "start": {
            "line": 67,
            "column": 8
          },
          "end": {
            "line": 67,
            "column": 47
          }
        },
        "19": {
          "start": {
            "line": 71,
            "column": 0
          },
          "end": {
            "line": 73,
            "column": 2
          }
        },
        "20": {
          "start": {
            "line": 72,
            "column": 4
          },
          "end": {
            "line": 72,
            "column": 16
          }
        },
        "21": {
          "start": {
            "line": 75,
            "column": 0
          },
          "end": {
            "line": 77,
            "column": 2
          }
        },
        "22": {
          "start": {
            "line": 76,
            "column": 4
          },
          "end": {
            "line": 76,
            "column": 40
          }
        },
        "23": {
          "start": {
            "line": 80,
            "column": 0
          },
          "end": {
            "line": 80,
            "column": 27
          }
        }
      },
      "fnMap": {
        "0": {
          "name": "(anonymous_0)",
          "decl": {
            "start": {
              "line": 19,
              "column": 18
            },
            "end": {
              "line": 19,
              "column": 19
            }
          },
          "loc": {
            "start": {
              "line": 19,
              "column": 76
            },
            "end": {
              "line": 48,
              "column": 1
            }
          },
          "line": 19
        },
        "1": {
          "name": "(anonymous_1)",
          "decl": {
            "start": {
              "line": 36,
              "column": 17
            },
            "end": {
              "line": 36,
              "column": 18
            }
          },
          "loc": {
            "start": {
              "line": 36,
              "column": 28
            },
            "end": {
              "line": 38,
              "column": 13
            }
          },
          "line": 36
        },
        "2": {
          "name": "(anonymous_2)",
          "decl": {
            "start": {
              "line": 39,
              "column": 17
            },
            "end": {
              "line": 39,
              "column": 18
            }
          },
          "loc": {
            "start": {
              "line": 39,
              "column": 33
            },
            "end": {
              "line": 42,
              "column": 13
            }
          },
          "line": 39
        },
        "3": {
          "name": "(anonymous_3)",
          "decl": {
            "start": {
              "line": 57,
              "column": 33
            },
            "end": {
              "line": 57,
              "column": 34
            }
          },
          "loc": {
            "start": {
              "line": 57,
              "column": 44
            },
            "end": {
              "line": 57,
              "column": 46
            }
          },
          "line": 57
        },
        "4": {
          "name": "(anonymous_4)",
          "decl": {
            "start": {
              "line": 62,
              "column": 31
            },
            "end": {
              "line": 62,
              "column": 32
            }
          },
          "loc": {
            "start": {
              "line": 62,
              "column": 42
            },
            "end": {
              "line": 62,
              "column": 44
            }
          },
          "line": 62
        },
        "5": {
          "name": "(anonymous_5)",
          "decl": {
            "start": {
              "line": 64,
              "column": 28
            },
            "end": {
              "line": 64,
              "column": 29
            }
          },
          "loc": {
            "start": {
              "line": 64,
              "column": 48
            },
            "end": {
              "line": 69,
              "column": 1
            }
          },
          "line": 64
        },
        "6": {
          "name": "(anonymous_6)",
          "decl": {
            "start": {
              "line": 71,
              "column": 26
            },
            "end": {
              "line": 71,
              "column": 27
            }
          },
          "loc": {
            "start": {
              "line": 71,
              "column": 37
            },
            "end": {
              "line": 73,
              "column": 1
            }
          },
          "line": 71
        },
        "7": {
          "name": "(anonymous_7)",
          "decl": {
            "start": {
              "line": 75,
              "column": 28
            },
            "end": {
              "line": 75,
              "column": 29
            }
          },
          "loc": {
            "start": {
              "line": 75,
              "column": 39
            },
            "end": {
              "line": 77,
              "column": 1
            }
          },
          "line": 75
        }
      },
      "branchMap": {
        "0": {
          "loc": {
            "start": {
              "line": 19,
              "column": 27
            },
            "end": {
              "line": 19,
              "column": 34
            }
          },
          "type": "default-arg",
          "locations": [
            {
              "start": {
                "line": 19,
                "column": 32
              },
              "end": {
                "line": 19,
                "column": 34
              }
            }
          ],
          "line": 19
        },
        "1": {
          "loc": {
            "start": {
              "line": 19,
              "column": 36
            },
            "end": {
              "line": 19,
              "column": 45
            }
          },
          "type": "default-arg",
          "locations": [
            {
              "start": {
                "line": 19,
                "column": 43
              },
              "end": {
                "line": 19,
                "column": 45
              }
            }
          ],
          "line": 19
        },
        "2": {
          "loc": {
            "start": {
              "line": 19,
              "column": 47
            },
            "end": {
              "line": 19,
              "column": 58
            }
          },
          "type": "default-arg",
          "locations": [
            {
              "start": {
                "line": 19,
                "column": 54
              },
              "end": {
                "line": 19,
                "column": 58
              }
            }
          ],
          "line": 19
        },
        "3": {
          "loc": {
            "start": {
              "line": 19,
              "column": 60
            },
            "end": {
              "line": 19,
              "column": 74
            }
          },
          "type": "default-arg",
          "locations": [
            {
              "start": {
                "line": 19,
                "column": 73
              },
              "end": {
                "line": 19,
                "column": 74
              }
            }
          ],
          "line": 19
        },
        "4": {
          "loc": {
            "start": {
              "line": 45,
              "column": 28
            },
            "end": {
              "line": 45,
              "column": 57
            }
          },
          "type": "binary-expr",
          "locations": [
            {
              "start": {
                "line": 45,
                "column": 28
              },
              "end": {
                "line": 45,
                "column": 39
              }
            },
            {
              "start": {
                "line": 45,
                "column": 43
              },
              "end": {
                "line": 45,
                "column": 57
              }
            }
          ],
          "line": 45
        },
        "5": {
          "loc": {
            "start": {
              "line": 65,
              "column": 4
            },
            "end": {
              "line": 68,
              "column": 5
            }
          },
          "type": "if",
          "locations": [
            {
              "start": {
                "line": 65,
                "column": 4
              },
              "end": {
                "line": 68,
                "column": 5
              }
            },
            {
              "start": {
                "line": 65,
                "column": 4
              },
              "end": {
                "line": 68,
                "column": 5
              }
            }
          ],
          "line": 65
        }
      },
      "s": {
        "0": 2,
        "1": 6,
        "2": 6,
        "3": 6,
        "4": 6,
        "5": 6,
        "6": 6,
        "7": 6,
        "8": 18,
        "9": 15,
        "10": 0,
        "11": 0,
        "12": 18,
        "13": 6,
        "14": 2,
        "15": 2,
        "16": 2,
        "17": 0,
        "18": 0,
        "19": 2,
        "20": 0,
        "21": 2,
        "22": 0,
        "23": 2
      },
      "f": {
        "0": 6,
        "1": 15,
        "2": 0,
        "3": 6,
        "4": 0,
        "5": 0,
        "6": 0,
        "7": 0
      },
      "b": {
        "0": [
          0
        ],
        "1": [
          0
        ],
        "2": [
          3
        ],
        "3": [
          3
        ],
        "4": [
          18,
          4
        ],
        "5": [
          0,
          0
        ]
      },
      "_coverageSchema": "332fd63041d2c1bcb487cc26dd0d5f7d97098a6c",
      "hash": "6e5ffd250e525c392ec4509b6167d21c77bb8048"
    },
    "/Users/kasargeant/dev/projects/unseen/src/js/unseen/BaseModelCollection.js": {
      "path": "/Users/kasargeant/dev/projects/unseen/src/js/unseen/BaseModelCollection.js",
      "statementMap": {
        "0": {
          "start": {
            "line": 12,
            "column": 21
          },
          "end": {
            "line": 12,
            "column": 45
          }
        },
        "1": {
          "start": {
            "line": 23,
            "column": 4
          },
          "end": {
            "line": 23,
            "column": 24
          }
        },
        "2": {
          "start": {
            "line": 24,
            "column": 4
          },
          "end": {
            "line": 24,
            "column": 17
          }
        },
        "3": {
          "start": {
            "line": 27,
            "column": 4
          },
          "end": {
            "line": 27,
            "column": 31
          }
        },
        "4": {
          "start": {
            "line": 28,
            "column": 4
          },
          "end": {
            "line": 28,
            "column": 22
          }
        },
        "5": {
          "start": {
            "line": 31,
            "column": 4
          },
          "end": {
            "line": 31,
            "column": 21
          }
        },
        "6": {
          "start": {
            "line": 32,
            "column": 4
          },
          "end": {
            "line": 32,
            "column": 20
          }
        },
        "7": {
          "start": {
            "line": 35,
            "column": 4
          },
          "end": {
            "line": 37,
            "column": 5
          }
        },
        "8": {
          "start": {
            "line": 36,
            "column": 8
          },
          "end": {
            "line": 36,
            "column": 65
          }
        },
        "9": {
          "start": {
            "line": 38,
            "column": 4
          },
          "end": {
            "line": 38,
            "column": 20
          }
        },
        "10": {
          "start": {
            "line": 39,
            "column": 4
          },
          "end": {
            "line": 39,
            "column": 27
          }
        },
        "11": {
          "start": {
            "line": 45,
            "column": 4
          },
          "end": {
            "line": 48,
            "column": 7
          }
        },
        "12": {
          "start": {
            "line": 46,
            "column": 8
          },
          "end": {
            "line": 46,
            "column": 81
          }
        },
        "13": {
          "start": {
            "line": 47,
            "column": 8
          },
          "end": {
            "line": 47,
            "column": 29
          }
        },
        "14": {
          "start": {
            "line": 50,
            "column": 4
          },
          "end": {
            "line": 57,
            "column": 7
          }
        },
        "15": {
          "start": {
            "line": 51,
            "column": 8
          },
          "end": {
            "line": 51,
            "column": 80
          }
        },
        "16": {
          "start": {
            "line": 52,
            "column": 8
          },
          "end": {
            "line": 52,
            "column": 81
          }
        },
        "17": {
          "start": {
            "line": 53,
            "column": 8
          },
          "end": {
            "line": 53,
            "column": 68
          }
        },
        "18": {
          "start": {
            "line": 54,
            "column": 8
          },
          "end": {
            "line": 54,
            "column": 33
          }
        },
        "19": {
          "start": {
            "line": 55,
            "column": 8
          },
          "end": {
            "line": 55,
            "column": 68
          }
        },
        "20": {
          "start": {
            "line": 56,
            "column": 8
          },
          "end": {
            "line": 56,
            "column": 29
          }
        },
        "21": {
          "start": {
            "line": 67,
            "column": 0
          },
          "end": {
            "line": 67,
            "column": 57
          }
        },
        "22": {
          "start": {
            "line": 72,
            "column": 0
          },
          "end": {
            "line": 72,
            "column": 55
          }
        },
        "23": {
          "start": {
            "line": 74,
            "column": 0
          },
          "end": {
            "line": 79,
            "column": 2
          }
        },
        "24": {
          "start": {
            "line": 75,
            "column": 4
          },
          "end": {
            "line": 78,
            "column": 5
          }
        },
        "25": {
          "start": {
            "line": 77,
            "column": 8
          },
          "end": {
            "line": 77,
            "column": 47
          }
        },
        "26": {
          "start": {
            "line": 81,
            "column": 0
          },
          "end": {
            "line": 85,
            "column": 2
          }
        },
        "27": {
          "start": {
            "line": 82,
            "column": 13
          },
          "end": {
            "line": 82,
            "column": 33
          }
        },
        "28": {
          "start": {
            "line": 83,
            "column": 4
          },
          "end": {
            "line": 83,
            "column": 59
          }
        },
        "29": {
          "start": {
            "line": 84,
            "column": 4
          },
          "end": {
            "line": 84,
            "column": 18
          }
        },
        "30": {
          "start": {
            "line": 87,
            "column": 0
          },
          "end": {
            "line": 89,
            "column": 2
          }
        },
        "31": {
          "start": {
            "line": 88,
            "column": 4
          },
          "end": {
            "line": 88,
            "column": 27
          }
        },
        "32": {
          "start": {
            "line": 91,
            "column": 0
          },
          "end": {
            "line": 99,
            "column": 2
          }
        },
        "33": {
          "start": {
            "line": 92,
            "column": 4
          },
          "end": {
            "line": 92,
            "column": 21
          }
        },
        "34": {
          "start": {
            "line": 94,
            "column": 4
          },
          "end": {
            "line": 96,
            "column": 5
          }
        },
        "35": {
          "start": {
            "line": 95,
            "column": 8
          },
          "end": {
            "line": 95,
            "column": 65
          }
        },
        "36": {
          "start": {
            "line": 97,
            "column": 4
          },
          "end": {
            "line": 97,
            "column": 20
          }
        },
        "37": {
          "start": {
            "line": 98,
            "column": 4
          },
          "end": {
            "line": 98,
            "column": 27
          }
        },
        "38": {
          "start": {
            "line": 101,
            "column": 0
          },
          "end": {
            "line": 103,
            "column": 2
          }
        },
        "39": {
          "start": {
            "line": 102,
            "column": 4
          },
          "end": {
            "line": 102,
            "column": 21
          }
        },
        "40": {
          "start": {
            "line": 105,
            "column": 0
          },
          "end": {
            "line": 109,
            "column": 2
          }
        },
        "41": {
          "start": {
            "line": 106,
            "column": 4
          },
          "end": {
            "line": 108,
            "column": 5
          }
        },
        "42": {
          "start": {
            "line": 107,
            "column": 8
          },
          "end": {
            "line": 107,
            "column": 45
          }
        },
        "43": {
          "start": {
            "line": 111,
            "column": 0
          },
          "end": {
            "line": 111,
            "column": 44
          }
        },
        "44": {
          "start": {
            "line": 114,
            "column": 0
          },
          "end": {
            "line": 114,
            "column": 37
          }
        }
      },
      "fnMap": {
        "0": {
          "name": "BaseModelCollection",
          "decl": {
            "start": {
              "line": 20,
              "column": 9
            },
            "end": {
              "line": 20,
              "column": 28
            }
          },
          "loc": {
            "start": {
              "line": 20,
              "column": 52
            },
            "end": {
              "line": 58,
              "column": 1
            }
          },
          "line": 20
        },
        "1": {
          "name": "(anonymous_1)",
          "decl": {
            "start": {
              "line": 45,
              "column": 22
            },
            "end": {
              "line": 45,
              "column": 23
            }
          },
          "loc": {
            "start": {
              "line": 45,
              "column": 37
            },
            "end": {
              "line": 48,
              "column": 5
            }
          },
          "line": 45
        },
        "2": {
          "name": "(anonymous_2)",
          "decl": {
            "start": {
              "line": 50,
              "column": 27
            },
            "end": {
              "line": 50,
              "column": 28
            }
          },
          "loc": {
            "start": {
              "line": 50,
              "column": 42
            },
            "end": {
              "line": 57,
              "column": 5
            }
          },
          "line": 50
        },
        "3": {
          "name": "(anonymous_3)",
          "decl": {
            "start": {
              "line": 67,
              "column": 43
            },
            "end": {
              "line": 67,
              "column": 44
            }
          },
          "loc": {
            "start": {
              "line": 67,
              "column": 54
            },
            "end": {
              "line": 67,
              "column": 56
            }
          },
          "line": 67
        },
        "4": {
          "name": "(anonymous_4)",
          "decl": {
            "start": {
              "line": 72,
              "column": 41
            },
            "end": {
              "line": 72,
              "column": 42
            }
          },
          "loc": {
            "start": {
              "line": 72,
              "column": 52
            },
            "end": {
              "line": 72,
              "column": 54
            }
          },
          "line": 72
        },
        "5": {
          "name": "(anonymous_5)",
          "decl": {
            "start": {
              "line": 74,
              "column": 38
            },
            "end": {
              "line": 74,
              "column": 39
            }
          },
          "loc": {
            "start": {
              "line": 74,
              "column": 58
            },
            "end": {
              "line": 79,
              "column": 1
            }
          },
          "line": 74
        },
        "6": {
          "name": "(anonymous_6)",
          "decl": {
            "start": {
              "line": 81,
              "column": 36
            },
            "end": {
              "line": 81,
              "column": 37
            }
          },
          "loc": {
            "start": {
              "line": 81,
              "column": 53
            },
            "end": {
              "line": 85,
              "column": 1
            }
          },
          "line": 81
        },
        "7": {
          "name": "(anonymous_7)",
          "decl": {
            "start": {
              "line": 87,
              "column": 36
            },
            "end": {
              "line": 87,
              "column": 37
            }
          },
          "loc": {
            "start": {
              "line": 87,
              "column": 49
            },
            "end": {
              "line": 89,
              "column": 1
            }
          },
          "line": 87
        },
        "8": {
          "name": "(anonymous_8)",
          "decl": {
            "start": {
              "line": 91,
              "column": 36
            },
            "end": {
              "line": 91,
              "column": 37
            }
          },
          "loc": {
            "start": {
              "line": 91,
              "column": 54
            },
            "end": {
              "line": 99,
              "column": 1
            }
          },
          "line": 91
        },
        "9": {
          "name": "(anonymous_9)",
          "decl": {
            "start": {
              "line": 101,
              "column": 38
            },
            "end": {
              "line": 101,
              "column": 39
            }
          },
          "loc": {
            "start": {
              "line": 101,
              "column": 49
            },
            "end": {
              "line": 103,
              "column": 1
            }
          },
          "line": 101
        },
        "10": {
          "name": "(anonymous_10)",
          "decl": {
            "start": {
              "line": 105,
              "column": 38
            },
            "end": {
              "line": 105,
              "column": 39
            }
          },
          "loc": {
            "start": {
              "line": 105,
              "column": 49
            },
            "end": {
              "line": 109,
              "column": 1
            }
          },
          "line": 105
        }
      },
      "branchMap": {
        "0": {
          "loc": {
            "start": {
              "line": 20,
              "column": 40
            },
            "end": {
              "line": 20,
              "column": 50
            }
          },
          "type": "default-arg",
          "locations": [
            {
              "start": {
                "line": 20,
                "column": 48
              },
              "end": {
                "line": 20,
                "column": 50
              }
            }
          ],
          "line": 20
        },
        "1": {
          "loc": {
            "start": {
              "line": 75,
              "column": 4
            },
            "end": {
              "line": 78,
              "column": 5
            }
          },
          "type": "if",
          "locations": [
            {
              "start": {
                "line": 75,
                "column": 4
              },
              "end": {
                "line": 78,
                "column": 5
              }
            },
            {
              "start": {
                "line": 75,
                "column": 4
              },
              "end": {
                "line": 78,
                "column": 5
              }
            }
          ],
          "line": 75
        }
      },
      "s": {
        "0": 2,
        "1": 2,
        "2": 2,
        "3": 2,
        "4": 2,
        "5": 2,
        "6": 2,
        "7": 2,
        "8": 3,
        "9": 2,
        "10": 2,
        "11": 2,
        "12": 0,
        "13": 0,
        "14": 2,
        "15": 0,
        "16": 0,
        "17": 0,
        "18": 0,
        "19": 0,
        "20": 0,
        "21": 2,
        "22": 2,
        "23": 2,
        "24": 0,
        "25": 0,
        "26": 2,
        "27": 0,
        "28": 0,
        "29": 0,
        "30": 2,
        "31": 3,
        "32": 2,
        "33": 0,
        "34": 0,
        "35": 0,
        "36": 0,
        "37": 0,
        "38": 2,
        "39": 0,
        "40": 2,
        "41": 0,
        "42": 0,
        "43": 2,
        "44": 2
      },
      "f": {
        "0": 2,
        "1": 0,
        "2": 0,
        "3": 2,
        "4": 0,
        "5": 0,
        "6": 0,
        "7": 3,
        "8": 0,
        "9": 0,
        "10": 0
      },
      "b": {
        "0": [
          1
        ],
        "1": [
          0,
          0
        ]
      },
      "_coverageSchema": "332fd63041d2c1bcb487cc26dd0d5f7d97098a6c",
      "hash": "c04380c7447dd8fff27b458359ab1c67ff75b3ad"
    },
    "/Users/kasargeant/dev/projects/unseen/src/js/unseen/BaseView.js": {
      "path": "/Users/kasargeant/dev/projects/unseen/src/js/unseen/BaseView.js",
      "statementMap": {
        "0": {
          "start": {
            "line": 12,
            "column": 21
          },
          "end": {
            "line": 12,
            "column": 45
          }
        },
        "1": {
          "start": {
            "line": 13,
            "column": 15
          },
          "end": {
            "line": 13,
            "column": 32
          }
        },
        "2": {
          "start": {
            "line": 14,
            "column": 13
          },
          "end": {
            "line": 14,
            "column": 30
          }
        },
        "3": {
          "start": {
            "line": 30,
            "column": 8
          },
          "end": {
            "line": 30,
            "column": 30
          }
        },
        "4": {
          "start": {
            "line": 31,
            "column": 8
          },
          "end": {
            "line": 31,
            "column": 22
          }
        },
        "5": {
          "start": {
            "line": 34,
            "column": 8
          },
          "end": {
            "line": 34,
            "column": 25
          }
        },
        "6": {
          "start": {
            "line": 35,
            "column": 8
          },
          "end": {
            "line": 35,
            "column": 25
          }
        },
        "7": {
          "start": {
            "line": 36,
            "column": 8
          },
          "end": {
            "line": 36,
            "column": 29
          }
        },
        "8": {
          "start": {
            "line": 37,
            "column": 8
          },
          "end": {
            "line": 37,
            "column": 25
          }
        },
        "9": {
          "start": {
            "line": 38,
            "column": 8
          },
          "end": {
            "line": 38,
            "column": 28
          }
        },
        "10": {
          "start": {
            "line": 39,
            "column": 8
          },
          "end": {
            "line": 39,
            "column": 26
          }
        },
        "11": {
          "start": {
            "line": 42,
            "column": 8
          },
          "end": {
            "line": 42,
            "column": 26
          }
        },
        "12": {
          "start": {
            "line": 43,
            "column": 8
          },
          "end": {
            "line": 43,
            "column": 21
          }
        },
        "13": {
          "start": {
            "line": 46,
            "column": 8
          },
          "end": {
            "line": 49,
            "column": 11
          }
        },
        "14": {
          "start": {
            "line": 47,
            "column": 12
          },
          "end": {
            "line": 47,
            "column": 85
          }
        },
        "15": {
          "start": {
            "line": 48,
            "column": 12
          },
          "end": {
            "line": 48,
            "column": 33
          }
        },
        "16": {
          "start": {
            "line": 69,
            "column": 23
          },
          "end": {
            "line": 69,
            "column": 48
          }
        },
        "17": {
          "start": {
            "line": 70,
            "column": 8
          },
          "end": {
            "line": 70,
            "column": 43
          }
        },
        "18": {
          "start": {
            "line": 71,
            "column": 8
          },
          "end": {
            "line": 71,
            "column": 66
          }
        },
        "19": {
          "start": {
            "line": 72,
            "column": 8
          },
          "end": {
            "line": 72,
            "column": 34
          }
        },
        "20": {
          "start": {
            "line": 78,
            "column": 14
          },
          "end": {
            "line": 78,
            "column": 26
          }
        },
        "21": {
          "start": {
            "line": 81,
            "column": 8
          },
          "end": {
            "line": 83,
            "column": 9
          }
        },
        "22": {
          "start": {
            "line": 82,
            "column": 12
          },
          "end": {
            "line": 82,
            "column": 51
          }
        },
        "23": {
          "start": {
            "line": 86,
            "column": 29
          },
          "end": {
            "line": 86,
            "column": 58
          }
        },
        "24": {
          "start": {
            "line": 89,
            "column": 8
          },
          "end": {
            "line": 89,
            "column": 18
          }
        },
        "25": {
          "start": {
            "line": 94,
            "column": 22
          },
          "end": {
            "line": 94,
            "column": 54
          }
        },
        "26": {
          "start": {
            "line": 95,
            "column": 8
          },
          "end": {
            "line": 95,
            "column": 29
          }
        },
        "27": {
          "start": {
            "line": 96,
            "column": 8
          },
          "end": {
            "line": 96,
            "column": 39
          }
        },
        "28": {
          "start": {
            "line": 97,
            "column": 8
          },
          "end": {
            "line": 97,
            "column": 49
          }
        },
        "29": {
          "start": {
            "line": 98,
            "column": 8
          },
          "end": {
            "line": 98,
            "column": 63
          }
        },
        "30": {
          "start": {
            "line": 100,
            "column": 8
          },
          "end": {
            "line": 105,
            "column": 22
          }
        },
        "31": {
          "start": {
            "line": 102,
            "column": 12
          },
          "end": {
            "line": 104,
            "column": 13
          }
        },
        "32": {
          "start": {
            "line": 103,
            "column": 16
          },
          "end": {
            "line": 103,
            "column": 51
          }
        },
        "33": {
          "start": {
            "line": 108,
            "column": 25
          },
          "end": {
            "line": 108,
            "column": 38
          }
        },
        "34": {
          "start": {
            "line": 112,
            "column": 8
          },
          "end": {
            "line": 117,
            "column": 9
          }
        },
        "35": {
          "start": {
            "line": 113,
            "column": 12
          },
          "end": {
            "line": 116,
            "column": 13
          }
        },
        "36": {
          "start": {
            "line": 114,
            "column": 27
          },
          "end": {
            "line": 114,
            "column": 41
          }
        },
        "37": {
          "start": {
            "line": 115,
            "column": 16
          },
          "end": {
            "line": 115,
            "column": 68
          }
        },
        "38": {
          "start": {
            "line": 120,
            "column": 8
          },
          "end": {
            "line": 123,
            "column": 9
          }
        },
        "39": {
          "start": {
            "line": 122,
            "column": 12
          },
          "end": {
            "line": 122,
            "column": 57
          }
        },
        "40": {
          "start": {
            "line": 124,
            "column": 8
          },
          "end": {
            "line": 124,
            "column": 38
          }
        },
        "41": {
          "start": {
            "line": 126,
            "column": 8
          },
          "end": {
            "line": 128,
            "column": 9
          }
        },
        "42": {
          "start": {
            "line": 127,
            "column": 12
          },
          "end": {
            "line": 127,
            "column": 49
          }
        },
        "43": {
          "start": {
            "line": 129,
            "column": 8
          },
          "end": {
            "line": 129,
            "column": 26
          }
        },
        "44": {
          "start": {
            "line": 133,
            "column": 0
          },
          "end": {
            "line": 133,
            "column": 33
          }
        },
        "45": {
          "start": {
            "line": 136,
            "column": 0
          },
          "end": {
            "line": 136,
            "column": 26
          }
        }
      },
      "fnMap": {
        "0": {
          "name": "(anonymous_0)",
          "decl": {
            "start": {
              "line": 27,
              "column": 4
            },
            "end": {
              "line": 27,
              "column": 5
            }
          },
          "loc": {
            "start": {
              "line": 27,
              "column": 41
            },
            "end": {
              "line": 50,
              "column": 5
            }
          },
          "line": 27
        },
        "1": {
          "name": "(anonymous_1)",
          "decl": {
            "start": {
              "line": 46,
              "column": 26
            },
            "end": {
              "line": 46,
              "column": 27
            }
          },
          "loc": {
            "start": {
              "line": 46,
              "column": 41
            },
            "end": {
              "line": 49,
              "column": 9
            }
          },
          "line": 46
        },
        "2": {
          "name": "(anonymous_2)",
          "decl": {
            "start": {
              "line": 57,
              "column": 4
            },
            "end": {
              "line": 57,
              "column": 5
            }
          },
          "loc": {
            "start": {
              "line": 57,
              "column": 17
            },
            "end": {
              "line": 59,
              "column": 5
            }
          },
          "line": 57
        },
        "3": {
          "name": "(anonymous_3)",
          "decl": {
            "start": {
              "line": 64,
              "column": 4
            },
            "end": {
              "line": 64,
              "column": 5
            }
          },
          "loc": {
            "start": {
              "line": 64,
              "column": 15
            },
            "end": {
              "line": 66,
              "column": 5
            }
          },
          "line": 64
        },
        "4": {
          "name": "(anonymous_4)",
          "decl": {
            "start": {
              "line": 68,
              "column": 4
            },
            "end": {
              "line": 68,
              "column": 5
            }
          },
          "loc": {
            "start": {
              "line": 68,
              "column": 14
            },
            "end": {
              "line": 73,
              "column": 5
            }
          },
          "line": 68
        },
        "5": {
          "name": "(anonymous_5)",
          "decl": {
            "start": {
              "line": 78,
              "column": 4
            },
            "end": {
              "line": 78,
              "column": 5
            }
          },
          "loc": {
            "start": {
              "line": 78,
              "column": 13
            },
            "end": {
              "line": 78,
              "column": 27
            }
          },
          "line": 78
        },
        "6": {
          "name": "(anonymous_6)",
          "decl": {
            "start": {
              "line": 80,
              "column": 4
            },
            "end": {
              "line": 80,
              "column": 5
            }
          },
          "loc": {
            "start": {
              "line": 80,
              "column": 21
            },
            "end": {
              "line": 84,
              "column": 5
            }
          },
          "line": 80
        },
        "7": {
          "name": "(anonymous_7)",
          "decl": {
            "start": {
              "line": 86,
              "column": 4
            },
            "end": {
              "line": 86,
              "column": 5
            }
          },
          "loc": {
            "start": {
              "line": 86,
              "column": 28
            },
            "end": {
              "line": 86,
              "column": 59
            }
          },
          "line": 86
        },
        "8": {
          "name": "(anonymous_8)",
          "decl": {
            "start": {
              "line": 88,
              "column": 4
            },
            "end": {
              "line": 88,
              "column": 5
            }
          },
          "loc": {
            "start": {
              "line": 88,
              "column": 12
            },
            "end": {
              "line": 90,
              "column": 5
            }
          },
          "line": 88
        },
        "9": {
          "name": "(anonymous_9)",
          "decl": {
            "start": {
              "line": 92,
              "column": 4
            },
            "end": {
              "line": 92,
              "column": 5
            }
          },
          "loc": {
            "start": {
              "line": 92,
              "column": 43
            },
            "end": {
              "line": 130,
              "column": 5
            }
          },
          "line": 92
        },
        "10": {
          "name": "(anonymous_10)",
          "decl": {
            "start": {
              "line": 100,
              "column": 22
            },
            "end": {
              "line": 100,
              "column": 23
            }
          },
          "loc": {
            "start": {
              "line": 100,
              "column": 37
            },
            "end": {
              "line": 105,
              "column": 9
            }
          },
          "line": 100
        }
      },
      "branchMap": {
        "0": {
          "loc": {
            "start": {
              "line": 27,
              "column": 22
            },
            "end": {
              "line": 27,
              "column": 33
            }
          },
          "type": "default-arg",
          "locations": [
            {
              "start": {
                "line": 27,
                "column": 29
              },
              "end": {
                "line": 27,
                "column": 33
              }
            }
          ],
          "line": 27
        },
        "1": {
          "loc": {
            "start": {
              "line": 27,
              "column": 35
            },
            "end": {
              "line": 27,
              "column": 39
            }
          },
          "type": "default-arg",
          "locations": [
            {
              "start": {
                "line": 27,
                "column": 38
              },
              "end": {
                "line": 27,
                "column": 39
              }
            }
          ],
          "line": 27
        },
        "2": {
          "loc": {
            "start": {
              "line": 81,
              "column": 8
            },
            "end": {
              "line": 83,
              "column": 9
            }
          },
          "type": "if",
          "locations": [
            {
              "start": {
                "line": 81,
                "column": 8
              },
              "end": {
                "line": 83,
                "column": 9
              }
            },
            {
              "start": {
                "line": 81,
                "column": 8
              },
              "end": {
                "line": 83,
                "column": 9
              }
            }
          ],
          "line": 81
        },
        "3": {
          "loc": {
            "start": {
              "line": 92,
              "column": 12
            },
            "end": {
              "line": 92,
              "column": 26
            }
          },
          "type": "default-arg",
          "locations": [
            {
              "start": {
                "line": 92,
                "column": 21
              },
              "end": {
                "line": 92,
                "column": 26
              }
            }
          ],
          "line": 92
        },
        "4": {
          "loc": {
            "start": {
              "line": 92,
              "column": 28
            },
            "end": {
              "line": 92,
              "column": 41
            }
          },
          "type": "default-arg",
          "locations": [
            {
              "start": {
                "line": 92,
                "column": 37
              },
              "end": {
                "line": 92,
                "column": 41
              }
            }
          ],
          "line": 92
        },
        "5": {
          "loc": {
            "start": {
              "line": 102,
              "column": 12
            },
            "end": {
              "line": 104,
              "column": 13
            }
          },
          "type": "if",
          "locations": [
            {
              "start": {
                "line": 102,
                "column": 12
              },
              "end": {
                "line": 104,
                "column": 13
              }
            },
            {
              "start": {
                "line": 102,
                "column": 12
              },
              "end": {
                "line": 104,
                "column": 13
              }
            }
          ],
          "line": 102
        },
        "6": {
          "loc": {
            "start": {
              "line": 112,
              "column": 8
            },
            "end": {
              "line": 117,
              "column": 9
            }
          },
          "type": "if",
          "locations": [
            {
              "start": {
                "line": 112,
                "column": 8
              },
              "end": {
                "line": 117,
                "column": 9
              }
            },
            {
              "start": {
                "line": 112,
                "column": 8
              },
              "end": {
                "line": 117,
                "column": 9
              }
            }
          ],
          "line": 112
        },
        "7": {
          "loc": {
            "start": {
              "line": 120,
              "column": 8
            },
            "end": {
              "line": 123,
              "column": 9
            }
          },
          "type": "if",
          "locations": [
            {
              "start": {
                "line": 120,
                "column": 8
              },
              "end": {
                "line": 123,
                "column": 9
              }
            },
            {
              "start": {
                "line": 120,
                "column": 8
              },
              "end": {
                "line": 123,
                "column": 9
              }
            }
          ],
          "line": 120
        },
        "8": {
          "loc": {
            "start": {
              "line": 120,
              "column": 11
            },
            "end": {
              "line": 120,
              "column": 53
            }
          },
          "type": "binary-expr",
          "locations": [
            {
              "start": {
                "line": 120,
                "column": 11
              },
              "end": {
                "line": 120,
                "column": 32
              }
            },
            {
              "start": {
                "line": 120,
                "column": 36
              },
              "end": {
                "line": 120,
                "column": 53
              }
            }
          ],
          "line": 120
        },
        "9": {
          "loc": {
            "start": {
              "line": 126,
              "column": 8
            },
            "end": {
              "line": 128,
              "column": 9
            }
          },
          "type": "if",
          "locations": [
            {
              "start": {
                "line": 126,
                "column": 8
              },
              "end": {
                "line": 128,
                "column": 9
              }
            },
            {
              "start": {
                "line": 126,
                "column": 8
              },
              "end": {
                "line": 128,
                "column": 9
              }
            }
          ],
          "line": 126
        }
      },
      "s": {
        "0": 2,
        "1": 2,
        "2": 2,
        "3": 0,
        "4": 0,
        "5": 0,
        "6": 0,
        "7": 0,
        "8": 0,
        "9": 0,
        "10": 0,
        "11": 0,
        "12": 0,
        "13": 0,
        "14": 0,
        "15": 0,
        "16": 0,
        "17": 0,
        "18": 0,
        "19": 0,
        "20": 0,
        "21": 0,
        "22": 0,
        "23": 0,
        "24": 0,
        "25": 0,
        "26": 0,
        "27": 0,
        "28": 0,
        "29": 0,
        "30": 0,
        "31": 0,
        "32": 0,
        "33": 0,
        "34": 0,
        "35": 0,
        "36": 0,
        "37": 0,
        "38": 0,
        "39": 0,
        "40": 0,
        "41": 0,
        "42": 0,
        "43": 0,
        "44": 2,
        "45": 2
      },
      "f": {
        "0": 0,
        "1": 0,
        "2": 0,
        "3": 0,
        "4": 0,
        "5": 0,
        "6": 0,
        "7": 0,
        "8": 0,
        "9": 0,
        "10": 0
      },
      "b": {
        "0": [
          0
        ],
        "1": [
          0
        ],
        "2": [
          0,
          0
        ],
        "3": [
          0
        ],
        "4": [
          0
        ],
        "5": [
          0,
          0
        ],
        "6": [
          0,
          0
        ],
        "7": [
          0,
          0
        ],
        "8": [
          0,
          0
        ],
        "9": [
          0,
          0
        ]
      },
      "_coverageSchema": "332fd63041d2c1bcb487cc26dd0d5f7d97098a6c",
      "hash": "6186ae4ee068ff4e41725ade82f80d9bb1bb0de5"
    },
    "/Users/kasargeant/dev/projects/unseen/src/js/unseen/walk.js": {
      "path": "/Users/kasargeant/dev/projects/unseen/src/js/unseen/walk.js",
      "statementMap": {
        "0": {
          "start": {
            "line": 9,
            "column": 14
          },
          "end": {
            "line": 9,
            "column": 35
          }
        },
        "1": {
          "start": {
            "line": 11,
            "column": 0
          },
          "end": {
            "line": 30,
            "column": 2
          }
        },
        "2": {
          "start": {
            "line": 12,
            "column": 4
          },
          "end": {
            "line": 14,
            "column": 5
          }
        },
        "3": {
          "start": {
            "line": 13,
            "column": 8
          },
          "end": {
            "line": 13,
            "column": 24
          }
        },
        "4": {
          "start": {
            "line": 16,
            "column": 4
          },
          "end": {
            "line": 16,
            "column": 30
          }
        },
        "5": {
          "start": {
            "line": 18,
            "column": 4
          },
          "end": {
            "line": 29,
            "column": 5
          }
        },
        "6": {
          "start": {
            "line": 19,
            "column": 19
          },
          "end": {
            "line": 19,
            "column": 32
          }
        },
        "7": {
          "start": {
            "line": 20,
            "column": 18
          },
          "end": {
            "line": 20,
            "column": 26
          }
        },
        "8": {
          "start": {
            "line": 22,
            "column": 8
          },
          "end": {
            "line": 24,
            "column": 9
          }
        },
        "9": {
          "start": {
            "line": 23,
            "column": 12
          },
          "end": {
            "line": 23,
            "column": 23
          }
        },
        "10": {
          "start": {
            "line": 26,
            "column": 8
          },
          "end": {
            "line": 28,
            "column": 9
          }
        },
        "11": {
          "start": {
            "line": 27,
            "column": 12
          },
          "end": {
            "line": 27,
            "column": 62
          }
        }
      },
      "fnMap": {
        "0": {
          "name": "(anonymous_0)",
          "decl": {
            "start": {
              "line": 11,
              "column": 17
            },
            "end": {
              "line": 11,
              "column": 18
            }
          },
          "loc": {
            "start": {
              "line": 11,
              "column": 37
            },
            "end": {
              "line": 30,
              "column": 1
            }
          },
          "line": 11
        }
      },
      "branchMap": {
        "0": {
          "loc": {
            "start": {
              "line": 12,
              "column": 4
            },
            "end": {
              "line": 14,
              "column": 5
            }
          },
          "type": "if",
          "locations": [
            {
              "start": {
                "line": 12,
                "column": 4
              },
              "end": {
                "line": 14,
                "column": 5
              }
            },
            {
              "start": {
                "line": 12,
                "column": 4
              },
              "end": {
                "line": 14,
                "column": 5
              }
            }
          ],
          "line": 12
        },
        "1": {
          "loc": {
            "start": {
              "line": 22,
              "column": 8
            },
            "end": {
              "line": 24,
              "column": 9
            }
          },
          "type": "if",
          "locations": [
            {
              "start": {
                "line": 22,
                "column": 8
              },
              "end": {
                "line": 24,
                "column": 9
              }
            },
            {
              "start": {
                "line": 22,
                "column": 8
              },
              "end": {
                "line": 24,
                "column": 9
              }
            }
          ],
          "line": 22
        },
        "2": {
          "loc": {
            "start": {
              "line": 26,
              "column": 8
            },
            "end": {
              "line": 28,
              "column": 9
            }
          },
          "type": "if",
          "locations": [
            {
              "start": {
                "line": 26,
                "column": 8
              },
              "end": {
                "line": 28,
                "column": 9
              }
            },
            {
              "start": {
                "line": 26,
                "column": 8
              },
              "end": {
                "line": 28,
                "column": 9
              }
            }
          ],
          "line": 26
        },
        "3": {
          "loc": {
            "start": {
              "line": 26,
              "column": 11
            },
            "end": {
              "line": 26,
              "column": 52
            }
          },
          "type": "binary-expr",
          "locations": [
            {
              "start": {
                "line": 26,
                "column": 11
              },
              "end": {
                "line": 26,
                "column": 26
              }
            },
            {
              "start": {
                "line": 26,
                "column": 30
              },
              "end": {
                "line": 26,
                "column": 52
              }
            }
          ],
          "line": 26
        }
      },
      "s": {
        "0": 2,
        "1": 2,
        "2": 0,
        "3": 0,
        "4": 0,
        "5": 0,
        "6": 0,
        "7": 0,
        "8": 0,
        "9": 0,
        "10": 0,
        "11": 0
      },
      "f": {
        "0": 0
      },
      "b": {
        "0": [
          0,
          0
        ],
        "1": [
          0,
          0
        ],
        "2": [
          0,
          0
        ],
        "3": [
          0,
          0
        ]
      },
      "_coverageSchema": "332fd63041d2c1bcb487cc26dd0d5f7d97098a6c",
      "hash": "baa41a5fe2023faded5ed64b8f1c1b3514b13a38"
    },
    "/Users/kasargeant/dev/projects/unseen/src/js/unseen/BaseViewCollection.js": {
      "path": "/Users/kasargeant/dev/projects/unseen/src/js/unseen/BaseViewCollection.js",
      "statementMap": {
        "0": {
          "start": {
            "line": 12,
            "column": 21
          },
          "end": {
            "line": 12,
            "column": 45
          }
        },
        "1": {
          "start": {
            "line": 13,
            "column": 15
          },
          "end": {
            "line": 13,
            "column": 32
          }
        },
        "2": {
          "start": {
            "line": 29,
            "column": 8
          },
          "end": {
            "line": 29,
            "column": 30
          }
        },
        "3": {
          "start": {
            "line": 30,
            "column": 8
          },
          "end": {
            "line": 30,
            "column": 22
          }
        },
        "4": {
          "start": {
            "line": 33,
            "column": 8
          },
          "end": {
            "line": 33,
            "column": 35
          }
        },
        "5": {
          "start": {
            "line": 34,
            "column": 8
          },
          "end": {
            "line": 34,
            "column": 25
          }
        },
        "6": {
          "start": {
            "line": 35,
            "column": 8
          },
          "end": {
            "line": 35,
            "column": 29
          }
        },
        "7": {
          "start": {
            "line": 36,
            "column": 8
          },
          "end": {
            "line": 36,
            "column": 25
          }
        },
        "8": {
          "start": {
            "line": 37,
            "column": 8
          },
          "end": {
            "line": 37,
            "column": 28
          }
        },
        "9": {
          "start": {
            "line": 38,
            "column": 8
          },
          "end": {
            "line": 38,
            "column": 26
          }
        },
        "10": {
          "start": {
            "line": 41,
            "column": 8
          },
          "end": {
            "line": 41,
            "column": 37
          }
        },
        "11": {
          "start": {
            "line": 42,
            "column": 8
          },
          "end": {
            "line": 42,
            "column": 34
          }
        },
        "12": {
          "start": {
            "line": 43,
            "column": 8
          },
          "end": {
            "line": 43,
            "column": 24
          }
        },
        "13": {
          "start": {
            "line": 46,
            "column": 8
          },
          "end": {
            "line": 46,
            "column": 24
          }
        },
        "14": {
          "start": {
            "line": 47,
            "column": 8
          },
          "end": {
            "line": 52,
            "column": 9
          }
        },
        "15": {
          "start": {
            "line": 48,
            "column": 24
          },
          "end": {
            "line": 48,
            "column": 45
          }
        },
        "16": {
          "start": {
            "line": 49,
            "column": 23
          },
          "end": {
            "line": 49,
            "column": 58
          }
        },
        "17": {
          "start": {
            "line": 50,
            "column": 12
          },
          "end": {
            "line": 50,
            "column": 34
          }
        },
        "18": {
          "start": {
            "line": 51,
            "column": 12
          },
          "end": {
            "line": 51,
            "column": 26
          }
        },
        "19": {
          "start": {
            "line": 54,
            "column": 8
          },
          "end": {
            "line": 54,
            "column": 40
          }
        },
        "20": {
          "start": {
            "line": 56,
            "column": 8
          },
          "end": {
            "line": 56,
            "column": 21
          }
        },
        "21": {
          "start": {
            "line": 59,
            "column": 8
          },
          "end": {
            "line": 64,
            "column": 22
          }
        },
        "22": {
          "start": {
            "line": 60,
            "column": 12
          },
          "end": {
            "line": 60,
            "column": 95
          }
        },
        "23": {
          "start": {
            "line": 61,
            "column": 12
          },
          "end": {
            "line": 61,
            "column": 33
          }
        },
        "24": {
          "start": {
            "line": 82,
            "column": 23
          },
          "end": {
            "line": 82,
            "column": 48
          }
        },
        "25": {
          "start": {
            "line": 83,
            "column": 8
          },
          "end": {
            "line": 83,
            "column": 43
          }
        },
        "26": {
          "start": {
            "line": 84,
            "column": 8
          },
          "end": {
            "line": 84,
            "column": 62
          }
        },
        "27": {
          "start": {
            "line": 85,
            "column": 8
          },
          "end": {
            "line": 85,
            "column": 34
          }
        },
        "28": {
          "start": {
            "line": 91,
            "column": 14
          },
          "end": {
            "line": 91,
            "column": 26
          }
        },
        "29": {
          "start": {
            "line": 94,
            "column": 8
          },
          "end": {
            "line": 96,
            "column": 9
          }
        },
        "30": {
          "start": {
            "line": 95,
            "column": 12
          },
          "end": {
            "line": 95,
            "column": 51
          }
        },
        "31": {
          "start": {
            "line": 100,
            "column": 8
          },
          "end": {
            "line": 100,
            "column": 126
          }
        },
        "32": {
          "start": {
            "line": 102,
            "column": 28
          },
          "end": {
            "line": 102,
            "column": 41
          }
        },
        "33": {
          "start": {
            "line": 103,
            "column": 25
          },
          "end": {
            "line": 103,
            "column": 55
          }
        },
        "34": {
          "start": {
            "line": 104,
            "column": 24
          },
          "end": {
            "line": 104,
            "column": 64
          }
        },
        "35": {
          "start": {
            "line": 105,
            "column": 8
          },
          "end": {
            "line": 107,
            "column": 9
          }
        },
        "36": {
          "start": {
            "line": 106,
            "column": 12
          },
          "end": {
            "line": 106,
            "column": 53
          }
        },
        "37": {
          "start": {
            "line": 108,
            "column": 21
          },
          "end": {
            "line": 108,
            "column": 56
          }
        },
        "38": {
          "start": {
            "line": 111,
            "column": 8
          },
          "end": {
            "line": 111,
            "column": 75
          }
        },
        "39": {
          "start": {
            "line": 114,
            "column": 21
          },
          "end": {
            "line": 114,
            "column": 44
          }
        },
        "40": {
          "start": {
            "line": 115,
            "column": 27
          },
          "end": {
            "line": 115,
            "column": 44
          }
        },
        "41": {
          "start": {
            "line": 116,
            "column": 8
          },
          "end": {
            "line": 128,
            "column": 9
          }
        },
        "42": {
          "start": {
            "line": 117,
            "column": 12
          },
          "end": {
            "line": 117,
            "column": 113
          }
        },
        "43": {
          "start": {
            "line": 119,
            "column": 23
          },
          "end": {
            "line": 119,
            "column": 41
          }
        },
        "44": {
          "start": {
            "line": 120,
            "column": 12
          },
          "end": {
            "line": 127,
            "column": 13
          }
        },
        "45": {
          "start": {
            "line": 121,
            "column": 16
          },
          "end": {
            "line": 121,
            "column": 40
          }
        },
        "46": {
          "start": {
            "line": 140,
            "column": 25
          },
          "end": {
            "line": 140,
            "column": 27
          }
        },
        "47": {
          "start": {
            "line": 142,
            "column": 22
          },
          "end": {
            "line": 142,
            "column": 54
          }
        },
        "48": {
          "start": {
            "line": 143,
            "column": 8
          },
          "end": {
            "line": 143,
            "column": 46
          }
        },
        "49": {
          "start": {
            "line": 144,
            "column": 8
          },
          "end": {
            "line": 144,
            "column": 39
          }
        },
        "50": {
          "start": {
            "line": 145,
            "column": 8
          },
          "end": {
            "line": 145,
            "column": 49
          }
        },
        "51": {
          "start": {
            "line": 146,
            "column": 8
          },
          "end": {
            "line": 149,
            "column": 9
          }
        },
        "52": {
          "start": {
            "line": 147,
            "column": 23
          },
          "end": {
            "line": 147,
            "column": 37
          }
        },
        "53": {
          "start": {
            "line": 148,
            "column": 12
          },
          "end": {
            "line": 148,
            "column": 64
          }
        },
        "54": {
          "start": {
            "line": 152,
            "column": 8
          },
          "end": {
            "line": 155,
            "column": 9
          }
        },
        "55": {
          "start": {
            "line": 154,
            "column": 12
          },
          "end": {
            "line": 154,
            "column": 57
          }
        },
        "56": {
          "start": {
            "line": 156,
            "column": 8
          },
          "end": {
            "line": 156,
            "column": 38
          }
        },
        "57": {
          "start": {
            "line": 158,
            "column": 8
          },
          "end": {
            "line": 170,
            "column": 9
          }
        },
        "58": {
          "start": {
            "line": 159,
            "column": 12
[...]
                "line": 305,
                "column": 12
              },
              "end": {
                "line": 312,
                "column": 13
              }
            },
            {
              "start": {
                "line": 305,
                "column": 12
              },
              "end": {
                "line": 312,
                "column": 13
              }
            }
          ],
          "line": 305
        }
      },
      "s": {
        "0": 2,
        "1": 2,
        "2": 0,
        "3": 0,
        "4": 0,
        "5": 0,
        "6": 0,
        "7": 0,
        "8": 0,
        "9": 0,
        "10": 0,
        "11": 0,
        "12": 0,
        "13": 0,
        "14": 0,
        "15": 0,
        "16": 0,
        "17": 0,
        "18": 0,
        "19": 0,
        "20": 0,
        "21": 0,
        "22": 0,
        "23": 0,
        "24": 0,
        "25": 0,
        "26": 0,
        "27": 0,
        "28": 0,
        "29": 0,
        "30": 0,
        "31": 0,
        "32": 0,
        "33": 0,
        "34": 0,
        "35": 0,
        "36": 0,
        "37": 0,
        "38": 0,
        "39": 0,
        "40": 0,
        "41": 0,
        "42": 0,
        "43": 0,
        "44": 0,
        "45": 0,
        "46": 0,
        "47": 0,
        "48": 0,
        "49": 0,
        "50": 0,
        "51": 0,
        "52": 0,
        "53": 0,
        "54": 0,
        "55": 0,
        "56": 0,
        "57": 0,
        "58": 0,
        "59": 0,
        "60": 0,
        "61": 0,
        "62": 0,
        "63": 0,
        "64": 0,
        "65": 0,
        "66": 0,
        "67": 0,
        "68": 0,
        "69": 0,
        "70": 0,
        "71": 0,
        "72": 0,
        "73": 0,
        "74": 0,
        "75": 0,
        "76": 0,
        "77": 0,
        "78": 0,
        "79": 0,
        "80": 0,
        "81": 0,
        "82": 0,
        "83": 0,
        "84": 0,
        "85": 0,
        "86": 0,
        "87": 0,
        "88": 0,
        "89": 0,
        "90": 0,
        "91": 0,
        "92": 0,
        "93": 0,
        "94": 0,
        "95": 0,
        "96": 0,
        "97": 0,
        "98": 0,
        "99": 0,
        "100": 0,
        "101": 0,
        "102": 0,
        "103": 0,
        "104": 0,
        "105": 0,
        "106": 0,
        "107": 0,
        "108": 0,
        "109": 0,
        "110": 0,
        "111": 0,
        "112": 0,
        "113": 0,
        "114": 0,
        "115": 0,
        "116": 0,
        "117": 0,
        "118": 0,
        "119": 0,
        "120": 0,
        "121": 0,
        "122": 2,
        "123": 2
      },
      "f": {
        "0": 0,
        "1": 0,
        "2": 0,
        "3": 0,
        "4": 0,
        "5": 0,
        "6": 0,
        "7": 0,
        "8": 0,
        "9": 0,
        "10": 0,
        "11": 0,
        "12": 0,
        "13": 0
      },
      "b": {
        "0": [
          0
        ],
        "1": [
          0
        ],
        "2": [
          0,
          0
        ],
        "3": [
          0,
          0
        ],
        "4": [
          0,
          0
        ],
        "5": [
          0,
          0
        ],
        "6": [
          0,
          0
        ],
        "7": [
          0
        ],
        "8": [
          0
        ],
        "9": [
          0,
          0
        ],
        "10": [
          0,
          0
        ],
        "11": [
          0,
          0
        ],
        "12": [
          0,
          0
        ],
        "13": [
          0,
          0
        ],
        "14": [
          0
        ],
        "15": [
          0
        ],
        "16": [
          0,
          0
        ],
        "17": [
          0,
          0
        ],
        "18": [
          0,
          0
        ],
        "19": [
          0,
          0
        ],
        "20": [
          0,
          0
        ],
        "21": [
          0,
          0
        ],
        "22": [
          0,
          0
        ],
        "23": [
          0,
          0
        ],
        "24": [
          0,
          0
        ],
        "25": [
          0
        ],
        "26": [
          0
        ],
        "27": [
          0,
          0
        ],
        "28": [
          0,
          0
        ],
        "29": [
          0,
          0
        ],
        "30": [
          0,
          0
        ]
      },
      "_coverageSchema": "332fd63041d2c1bcb487cc26dd0d5f7d97098a6c",
      "hash": "94ae132ddd6f9d3b7a178f853c49a330a63cde50"
    },
    "/Users/kasargeant/dev/projects/unseen/src/js/unseen_factory/UnseenFactory.js": {
      "path": "/Users/kasargeant/dev/projects/unseen/src/js/unseen_factory/UnseenFactory.js",
      "statementMap": {
        "0": {
          "start": {
            "line": 36,
            "column": 20
          },
          "end": {
            "line": 36,
            "column": 43
          }
        },
        "1": {
          "start": {
            "line": 38,
            "column": 20
          },
          "end": {
            "line": 52,
            "column": 9
          }
        },
        "2": {
          "start": {
            "line": 39,
            "column": 12
          },
          "end": {
            "line": 39,
            "column": 34
          }
        },
        "3": {
          "start": {
            "line": 40,
            "column": 12
          },
          "end": {
            "line": 40,
            "column": 40
          }
        },
        "4": {
          "start": {
            "line": 41,
            "column": 12
          },
          "end": {
            "line": 41,
            "column": 30
          }
        },
        "5": {
          "start": {
            "line": 43,
            "column": 12
          },
          "end": {
            "line": 51,
            "column": 13
          }
        },
        "6": {
          "start": {
            "line": 45,
            "column": 16
          },
          "end": {
            "line": 48,
            "column": 19
          }
        },
        "7": {
          "start": {
            "line": 46,
            "column": 38
          },
          "end": {
            "line": 46,
            "column": 63
          }
        },
        "8": {
          "start": {
            "line": 47,
            "column": 43
          },
          "end": {
            "line": 47,
            "column": 69
          }
        },
        "9": {
          "start": {
            "line": 50,
            "column": 16
          },
          "end": {
            "line": 50,
            "column": 71
          }
        },
        "10": {
          "start": {
            "line": 54,
            "column": 8
          },
          "end": {
            "line": 56,
            "column": 10
          }
        },
        "11": {
          "start": {
            "line": 55,
            "column": 12
          },
          "end": {
            "line": 55,
            "column": 48
          }
        },
        "12": {
          "start": {
            "line": 58,
            "column": 8
          },
          "end": {
            "line": 58,
            "column": 21
          }
        },
        "13": {
          "start": {
            "line": 78,
            "column": 12
          },
          "end": {
            "line": 78,
            "column": 29
          }
        },
        "14": {
          "start": {
            "line": 79,
            "column": 12
          },
          "end": {
            "line": 81,
            "column": 13
          }
        },
        "15": {
          "start": {
            "line": 80,
            "column": 16
          },
          "end": {
            "line": 80,
            "column": 67
          }
        },
        "16": {
          "start": {
            "line": 82,
            "column": 12
          },
          "end": {
            "line": 84,
            "column": 15
          }
        },
        "17": {
          "start": {
            "line": 83,
            "column": 34
          },
          "end": {
            "line": 83,
            "column": 60
          }
        },
        "18": {
          "start": {
            "line": 87,
            "column": 8
          },
          "end": {
            "line": 90,
            "column": 10
          }
        },
        "19": {
          "start": {
            "line": 88,
            "column": 24
          },
          "end": {
            "line": 88,
            "column": 52
          }
        },
        "20": {
          "start": {
            "line": 89,
            "column": 12
          },
          "end": {
            "line": 89,
            "column": 36
          }
        },
        "21": {
          "start": {
            "line": 92,
            "column": 8
          },
          "end": {
            "line": 94,
            "column": 10
          }
        },
        "22": {
          "start": {
            "line": 93,
            "column": 12
          },
          "end": {
            "line": 93,
            "column": 36
          }
        },
        "23": {
          "start": {
            "line": 96,
            "column": 8
          },
          "end": {
            "line": 100,
            "column": 10
          }
        },
        "24": {
          "start": {
            "line": 97,
            "column": 12
          },
          "end": {
            "line": 99,
            "column": 13
          }
        },
        "25": {
          "start": {
            "line": 98,
            "column": 16
          },
          "end": {
            "line": 98,
            "column": 67
          }
        },
        "26": {
          "start": {
            "line": 102,
            "column": 8
          },
          "end": {
            "line": 104,
            "column": 10
          }
        },
        "27": {
          "start": {
            "line": 103,
            "column": 12
          },
          "end": {
            "line": 103,
            "column": 29
          }
        },
        "28": {
          "start": {
            "line": 106,
            "column": 8
          },
          "end": {
            "line": 110,
            "column": 10
          }
        },
        "29": {
          "start": {
            "line": 107,
            "column": 12
          },
          "end": {
            "line": 109,
            "column": 13
          }
        },
        "30": {
          "start": {
            "line": 108,
            "column": 16
          },
          "end": {
            "line": 108,
            "column": 52
          }
        },
        "31": {
          "start": {
            "line": 112,
            "column": 8
          },
          "end": {
            "line": 112,
            "column": 26
          }
        },
        "32": {
          "start": {
            "line": 117,
            "column": 0
          },
          "end": {
            "line": 117,
            "column": 24
          }
        }
      },
      "fnMap": {
        "0": {
          "name": "(anonymous_0)",
          "decl": {
            "start": {
              "line": 34,
              "column": 4
            },
            "end": {
              "line": 34,
              "column": 5
            }
          },
          "loc": {
            "start": {
              "line": 34,
              "column": 33
            },
            "end": {
              "line": 59,
              "column": 5
            }
          },
          "line": 34
        },
        "1": {
          "name": "(anonymous_1)",
          "decl": {
            "start": {
              "line": 38,
              "column": 20
            },
            "end": {
              "line": 38,
              "column": 21
            }
          },
          "loc": {
            "start": {
              "line": 38,
              "column": 45
            },
            "end": {
              "line": 52,
              "column": 9
            }
          },
          "line": 38
        },
        "2": {
          "name": "(anonymous_2)",
          "decl": {
            "start": {
              "line": 46,
              "column": 25
            },
            "end": {
              "line": 46,
              "column": 26
            }
          },
          "loc": {
            "start": {
              "line": 46,
              "column": 36
            },
            "end": {
              "line": 46,
              "column": 65
            }
          },
          "line": 46
        },
        "3": {
          "name": "(anonymous_3)",
          "decl": {
            "start": {
              "line": 47,
              "column": 25
            },
            "end": {
              "line": 47,
              "column": 26
            }
          },
          "loc": {
            "start": {
              "line": 47,
              "column": 41
            },
            "end": {
              "line": 47,
              "column": 71
            }
          },
          "line": 47
        },
        "4": {
          "name": "(anonymous_4)",
          "decl": {
            "start": {
              "line": 54,
              "column": 32
            },
            "end": {
              "line": 54,
              "column": 33
            }
          },
          "loc": {
            "start": {
              "line": 54,
              "column": 43
            },
            "end": {
              "line": 56,
              "column": 9
            }
          },
          "line": 54
        },
        "5": {
          "name": "(anonymous_5)",
          "decl": {
            "start": {
              "line": 75,
              "column": 4
            },
            "end": {
              "line": 75,
              "column": 5
            }
          },
          "loc": {
            "start": {
              "line": 75,
              "column": 38
            },
            "end": {
              "line": 113,
              "column": 5
            }
          },
          "line": 75
        },
        "6": {
          "name": "Collection",
          "decl": {
            "start": {
              "line": 77,
              "column": 17
            },
            "end": {
              "line": 77,
              "column": 27
            }
          },
          "loc": {
            "start": {
              "line": 77,
              "column": 40
            },
            "end": {
              "line": 85,
              "column": 9
            }
          },
          "line": 77
        },
        "7": {
          "name": "(anonymous_7)",
          "decl": {
            "start": {
              "line": 83,
              "column": 21
            },
            "end": {
              "line": 83,
              "column": 22
            }
          },
          "loc": {
            "start": {
              "line": 83,
              "column": 32
            },
            "end": {
              "line": 83,
              "column": 62
            }
          },
          "line": 83
        },
        "8": {
          "name": "(anonymous_8)",
          "decl": {
            "start": {
              "line": 87,
              "column": 35
            },
            "end": {
              "line": 87,
              "column": 36
            }
          },
          "loc": {
            "start": {
              "line": 87,
              "column": 52
            },
            "end": {
              "line": 90,
              "column": 9
            }
          },
          "line": 87
        },
        "9": {
          "name": "(anonymous_9)",
          "decl": {
            "start": {
              "line": 92,
              "column": 35
            },
            "end": {
              "line": 92,
              "column": 36
            }
          },
          "loc": {
            "start": {
              "line": 92,
              "column": 49
            },
            "end": {
              "line": 94,
              "column": 9
            }
          },
          "line": 92
        },
        "10": {
          "name": "(anonymous_10)",
          "decl": {
            "start": {
              "line": 96,
              "column": 35
            },
            "end": {
              "line": 96,
              "column": 36
            }
          },
          "loc": {
            "start": {
              "line": 96,
              "column": 53
            },
            "end": {
              "line": 100,
              "column": 9
            }
          },
          "line": 96
        },
        "11": {
          "name": "(anonymous_11)",
          "decl": {
            "start": {
              "line": 102,
              "column": 37
            },
            "end": {
              "line": 102,
              "column": 38
            }
          },
          "loc": {
            "start": {
              "line": 102,
              "column": 48
            },
            "end": {
              "line": 104,
              "column": 9
            }
          },
          "line": 102
        },
        "12": {
          "name": "(anonymous_12)",
          "decl": {
            "start": {
              "line": 106,
              "column": 37
            },
            "end": {
              "line": 106,
              "column": 38
            }
          },
          "loc": {
            "start": {
              "line": 106,
              "column": 48
            },
            "end": {
              "line": 110,
              "column": 9
            }
          },
          "line": 106
        }
      },
      "branchMap": {
        "0": {
          "loc": {
            "start": {
              "line": 50,
              "column": 36
            },
            "end": {
              "line": 50,
              "column": 70
            }
          },
          "type": "binary-expr",
          "locations": [
            {
              "start": {
                "line": 50,
                "column": 36
              },
              "end": {
                "line": 50,
                "column": 47
              }
            },
            {
              "start": {
                "line": 50,
                "column": 51
              },
              "end": {
                "line": 50,
                "column": 70
              }
            }
          ],
          "line": 50
        },
        "1": {
          "loc": {
            "start": {
              "line": 77,
              "column": 28
            },
            "end": {
              "line": 77,
              "column": 38
            }
          },
          "type": "default-arg",
          "locations": [
            {
              "start": {
                "line": 77,
                "column": 36
              },
              "end": {
                "line": 77,
                "column": 38
              }
            }
          ],
          "line": 77
        }
      },
      "s": {
        "0": 2,
        "1": 2,
        "2": 6,
        "3": 6,
        "4": 6,
        "5": 6,
        "6": 18,
        "7": 9,
        "8": 0,
        "9": 18,
        "10": 2,
        "11": 0,
        "12": 2,
        "13": 2,
        "14": 2,
        "15": 3,
        "16": 2,
        "17": 1,
        "18": 1,
        "19": 0,
        "20": 0,
        "21": 1,
        "22": 3,
        "23": 1,
        "24": 0,
        "25": 0,
        "26": 1,
        "27": 0,
        "28": 1,
        "29": 0,
        "30": 0,
        "31": 1,
        "32": 1
      },
      "f": {
        "0": 2,
        "1": 6,
        "2": 9,
        "3": 0,
        "4": 0,
        "5": 1,
        "6": 2,
        "7": 1,
        "8": 0,
        "9": 3,
        "10": 0,
        "11": 0,
        "12": 0
      },
      "b": {
        "0": [
          18,
          4
        ],
        "1": [
          1
        ]
      },
      "_coverageSchema": "332fd63041d2c1bcb487cc26dd0d5f7d97098a6c",
      "hash": "3628207c31b12454853daf08a1bb5fddc7591e89"
    }
  }
}